{"level":"info","message":"Listening on port 3900...","timestamp":"2021-09-04T12:20:56.620Z"}
{"level":"info","message":"Connected to Mongo Database","timestamp":"2021-09-04T12:20:56.709Z"}
{"level":"info","message":"Listening on port 3900...","timestamp":"2021-09-18T23:39:30.554Z"}
{"level":"info","message":"Connected to Mongo Database","timestamp":"2021-09-18T23:39:30.710Z"}
{"level":"info","message":"Message sent: <ddcda2e1-998c-87a1-b050-8e9fd7e4be31@mls-protection.co.uk>","timestamp":"2021-09-18T23:48:47.846Z"}
{"level":"info","message":"Preview URL: false","timestamp":"2021-09-18T23:48:47.847Z"}
{"level":"info","message":"Password Change request email by James Williams sent","timestamp":"2021-09-18T23:48:47.847Z"}
{"level":"info","message":"Listening on port 3900...","timestamp":"2021-09-18T23:50:35.497Z"}
{"level":"info","message":"Connected to Mongo Database","timestamp":"2021-09-18T23:50:35.517Z"}
{"level":"info","message":"Listening on port 3900...","timestamp":"2021-09-18T23:50:43.810Z"}
{"level":"info","message":"Connected to Mongo Database","timestamp":"2021-09-18T23:50:43.831Z"}
{"level":"info","message":"Listening on port 3900...","timestamp":"2021-09-19T00:07:24.846Z"}
{"level":"info","message":"Connected to Mongo Database","timestamp":"2021-09-19T00:07:24.869Z"}
{"level":"info","message":"Listening on port 3900...","timestamp":"2021-09-19T00:08:43.056Z"}
{"level":"info","message":"Connected to Mongo Database","timestamp":"2021-09-19T00:08:43.078Z"}
{"level":"info","message":"Listening on port 3900...","timestamp":"2021-09-19T00:11:25.741Z"}
{"level":"info","message":"Connected to Mongo Database","timestamp":"2021-09-19T00:11:25.764Z"}
{"level":"info","message":"Listening on port 3900...","timestamp":"2021-09-19T00:11:50.161Z"}
{"level":"info","message":"Connected to Mongo Database","timestamp":"2021-09-19T00:11:50.195Z"}
{"level":"info","message":"Message sent: <ac6f4bd1-c740-462c-df99-9b9607dfe40b@mls-protection.co.uk>","timestamp":"2021-09-19T00:19:39.123Z"}
{"level":"info","message":"Preview URL: false","timestamp":"2021-09-19T00:19:39.124Z"}
{"level":"info","message":"Listening on port 3900...","timestamp":"2021-09-19T00:21:55.285Z"}
{"level":"info","message":"Connected to Mongo Database","timestamp":"2021-09-19T00:21:55.315Z"}
{"level":"info","message":"Listening on port 3900...","timestamp":"2021-09-19T00:26:44.092Z"}
{"level":"info","message":"Connected to Mongo Database","timestamp":"2021-09-19T00:26:44.114Z"}
{"level":"info","message":"Listening on port 3900...","timestamp":"2021-09-19T00:49:32.480Z"}
{"level":"info","message":"Connected to Mongo Database","timestamp":"2021-09-19T00:49:32.506Z"}
{"level":"info","message":"Listening on port 3900...","timestamp":"2021-09-19T00:50:30.396Z"}
{"level":"info","message":"Connected to Mongo Database","timestamp":"2021-09-19T00:50:30.423Z"}
{"level":"info","message":"Listening on port 3900...","timestamp":"2021-09-19T00:51:13.638Z"}
{"level":"info","message":"Connected to Mongo Database","timestamp":"2021-09-19T00:51:13.675Z"}
{"level":"info","message":"Listening on port 3900...","timestamp":"2021-09-19T00:56:07.296Z"}
{"level":"info","message":"Connected to Mongo Database","timestamp":"2021-09-19T00:56:07.327Z"}
{"level":"info","message":"Listening on port 3900...","timestamp":"2021-09-19T00:56:08.810Z"}
{"level":"info","message":"Connected to Mongo Database","timestamp":"2021-09-19T00:56:08.832Z"}
{"level":"info","message":"Listening on port 3900...","timestamp":"2021-09-19T00:57:00.446Z"}
{"level":"info","message":"Connected to Mongo Database","timestamp":"2021-09-19T00:57:00.481Z"}
{"level":"info","message":"New User Registered By Admin info@deevcorp.com","timestamp":"2021-09-19T21:45:48.661Z"}
{"level":"info","message":"New User Registered By Admin info@deevcorp.com","timestamp":"2021-09-19T21:49:12.377Z"}
{"level":"info","message":"Message sent: <82c26b6a-7889-7233-fa9c-8a71200b23dc@mls-protection.co.uk>","timestamp":"2021-09-19T21:49:16.612Z"}
{"level":"info","message":"Preview URL: false","timestamp":"2021-09-19T21:49:16.612Z"}
